# Домашняя работа к занятию «Индексы»

Детушев Дмитрий

Группа SQLDB-9


### Задание 1

Напишите запрос к учебной базе данных, который вернёт процентное отношение общего размера всех индексов к общему размеру всех таблиц.

Для этого значение общего размера всех индексов / общему размеру всех таблиц х 100

```sql
select
	(
	select
		SUM(`SIZE IN MB`)
	from
		(
		select
			ROUND(((INDEX_LENGTH) / 1024 / 1024), 2) `SIZE IN MB`
		from
			INFORMATION_SCHEMA.TABLES) as S)/
(
	select
		SUM(`SIZE IN MB`)
	from
		(
		select
			ROUND(((DATA_LENGTH) / 1024 / 1024), 2) `SIZE IN MB`
		from
			INFORMATION_SCHEMA.TABLES) as S)* 100 as `ПРОЦЕНТНОЕ ОТНОШЕНИЕ` 
```

### Задание 2

Выполните explain analyze следующего запроса:
```sql
select distinct concat(c.last_name, ' ', c.first_name), sum(p.amount) over (partition by c.customer_id, f.title)
from payment p, rental r, customer c, inventory i, film f
where date(p.payment_date) = '2005-07-30' and p.payment_date = r.rental_date and r.customer_id = c.customer_id and i.inventory_id = r.inventory_id
```
По данному запросу explain analyze 
-> Limit: 200 row(s)  (cost=0..0 rows=0) (actual time=14064..14064 rows=200 loops=1)


Оптимизируем запрос с использованием оператора горизонтального объединения JOIN

```sql
select
	distinct 
        concat(c.last_name, ' ', c.first_name) as customer,
	sum(p.amount) over (partition by c.customer_id) as sum_amount
from
	payment p
join rental r on
	p.payment_date = r.rental_date
join customer c on
	r.customer_id = c.customer_id
join inventory i on
	i.inventory_id = r.inventory_id
where
	date(p.payment_date) = '2005-07-30'
```
По данному запросу explain analyze 
-> Limit: 200 row(s)  (cost=0..0 rows=0) (actual time=21.1..21.1 rows=200 loops=1)


## Дополнительные задания (со звёздочкой*)

### Задание 3*

Самостоятельно изучите, какие типы индексов используются в PostgreSQL. 
Перечислите те индексы, которые используются в PostgreSQL, а в MySQL — нет.

Важно помнить, что как типы ваших данных, так и фактические запросы, определяют те индексы, которые лучше всего подходят для ваших баз данных. Это особенно справедливо для PostgreSQL, т.к. некоторые типы индексов сильно ориентированы на конкретные шаблоны запросов.

Имеется шесть типов индексов:
- B-Tree
- Hash
- GIST
- SP-GIST
- GIN
- RIN

| |MySQL|PostgreSQL|
|:-:|:-:|:-:|
|Поддерживаемые пространственные индексы(Spatial indexes)|	R-Tree с квадратичным разбиением|Rtree_GiST(используется линейное разбиение)|
Hash index|	Только в таблицах типа Memory|	Есть|
Bitmap index|	Нет|	Есть|
Partial index|	Нет|	Есть|
Function based index|	Нет|	Есть|


Типы индексов в MySQL включают такие индексы, как INDEX, PRIMARY KEY, FULLTEXT и UNIQUE, которые хранятся на B-деревьях. MySQL также имеет индексы на основе R-деревьев, включая индексы для пространственных данных. При использовании индексов FULLTEXT используются хэш-индексы, а также инвертированные списки.

С другой стороны, типы индексов PostgreSQL включают частичные индексы, которые классифицируют данные только из части таблицы данных. База данных также имеет индексы на основе выражений, которые строят свой индекс, используя функции выражения, а не значения столбцов.

